[1016/083718:ERROR:process_info.cc(608)] range at 0xfef5c000, size 0x230 fully unreadable
[1016/083718:ERROR:process_info.cc(608)] range at 0xfef5f000, size 0xf84 fully unreadable
[1016/083718:ERROR:process_info.cc(608)] range at 0xfef5b000, size 0xf84 fully unreadable
[1016/083718:ERROR:process_info.cc(608)] range at 0xfef58000, size 0xf84 fully unreadable
[1016/083718:ERROR:process_info.cc(608)] range at 0xfee2f000, size 0xf84 fully unreadable
[1016/083718:ERROR:process_info.cc(608)] range at 0xfee2c000, size 0xf84 fully unreadable
[1016/083718:ERROR:process_info.cc(608)] range at 0xfee29000, size 0xf84 fully unreadable
[1016/083718:ERROR:process_info.cc(608)] range at 0xfee26000, size 0xf84 fully unreadable
[1016/083718:ERROR:process_info.cc(608)] range at 0xfee23000, size 0xf84 fully unreadable
[1021/130314:ERROR:process_info.cc(608)] range at 0xfe71c000, size 0x230 fully unreadable
[1021/130314:ERROR:process_info.cc(608)] range at 0xfe71f000, size 0xf84 fully unreadable
[1021/130314:ERROR:process_info.cc(608)] range at 0xfe71a000, size 0xf84 fully unreadable
[1021/130314:ERROR:process_info.cc(608)] range at 0xfe717000, size 0xf84 fully unreadable
[1021/130314:ERROR:process_info.cc(608)] range at 0xfe5ef000, size 0xf84 fully unreadable
[1021/130314:ERROR:process_info.cc(608)] range at 0xfe5ec000, size 0xf84 fully unreadable
[1021/130314:ERROR:process_info.cc(608)] range at 0xfe5e9000, size 0xf84 fully unreadable
[1021/130314:ERROR:process_info.cc(608)] range at 0xfe5e6000, size 0xf84 fully unreadable
[1021/130314:ERROR:process_info.cc(608)] range at 0xfe5e3000, size 0xf84 fully unreadable
[1023/172200:ERROR:process_info.cc(330)] VirtualQueryEx: Acceso denegado. (0x5)
[1023/172200:ERROR:process_info.cc(547)] ReadMemoryInfo failed
[1023/172200:ERROR:process_reader_win.cc(233)] ReadMemory at 0xe91bfc of 12 bytes failed: Solo se completó una parte de una solicitud ReadProcessMemory o WriteProcessMemory. (0x12B)
[1023/172200:WARNING:process_snapshot_win.cc(68)] ReadMemory ExceptionInformation failed
[1023/172200:WARNING:crash_report_exception_handler.cc(56)] ProcessSnapshotWin::Initialize failed
[1023/172200:ERROR:scoped_process_suspend.cc(38)] NtResumeProcess: Se intentó obtener acceso a un proceso que está cerrándose.  (0xc000010a)
